<?xml version="1.0" encoding="UTF-8"?>
<testng-results skipped="0" failed="0" total="2" passed="2">
  <reporter-output>
  </reporter-output>
  <suite name="Default suite" duration-ms="30" started-at="2015-05-11T01:54:34Z" finished-at="2015-05-11T01:54:34Z">
    <groups>
    </groups>
    <test name="Default test" duration-ms="30" started-at="2015-05-11T01:54:34Z" finished-at="2015-05-11T01:54:34Z">
      <class name="TestCases.SampleClass">
        <test-method status="PASS" signature="Test1()[pri:0, instance:TestCases.SampleClass@66133adc]" name="Test1" duration-ms="13" started-at="2015-05-10T18:54:34Z" finished-at="2015-05-10T18:54:34Z">
          <reporter-output>
          </reporter-output>
        </test-method> <!-- Test1 -->
        <test-method status="PASS" signature="Test2()[pri:0, instance:TestCases.SampleClass@66133adc]" name="Test2" duration-ms="1" started-at="2015-05-10T18:54:34Z" finished-at="2015-05-10T18:54:34Z">
          <reporter-output>
          </reporter-output>
        </test-method> <!-- Test2 -->
      </class> <!-- TestCases.SampleClass -->
    </test> <!-- Default test -->
  </suite> <!-- Default suite -->
</testng-results>
