<?xml version="1.0" encoding="UTF-8"?>
<testng-results skipped="0" failed="0" total="2" passed="2">
  <reporter-output>
  </reporter-output>
  <suite name="Suite1" duration-ms="18" started-at="2015-05-11T03:27:44Z" finished-at="2015-05-11T03:27:44Z">
    <groups>
    </groups>
    <test name="First Test" duration-ms="18" started-at="2015-05-11T03:27:44Z" finished-at="2015-05-11T03:27:44Z">
      <class name="TestCases.SampleClass">
        <test-method status="PASS" signature="Test1()[pri:0, instance:TestCases.SampleClass@5cbc508c]" name="Test1" duration-ms="5" started-at="2015-05-10T20:27:44Z" finished-at="2015-05-10T20:27:44Z">
          <reporter-output>
          </reporter-output>
        </test-method> <!-- Test1 -->
        <test-method status="PASS" signature="Test2()[pri:0, instance:TestCases.SampleClass@5cbc508c]" name="Test2" duration-ms="0" started-at="2015-05-10T20:27:44Z" finished-at="2015-05-10T20:27:44Z">
          <reporter-output>
          </reporter-output>
        </test-method> <!-- Test2 -->
      </class> <!-- TestCases.SampleClass -->
    </test> <!-- First Test -->
  </suite> <!-- Suite1 -->
</testng-results>
